<?xml version="1.0" encoding="UTF-8"?>
<!-- Generated by org.testng.reporters.JUnitReportReporter -->
<testsuite hostname="IBM-1H0PH24" failures="0" tests="1" name="WpStatus" time="34.422" errors="0" timestamp="2024-08-05T21:34:37 IST" skipped="0">
  <testcase classname="WpStatus" name="viewStatus" time="34.422"/>
</testsuite> <!-- WpStatus -->
